2020-12-11 21:00:22 ERROR SqlExceptionHelper:142 - FATAL: password authentication failed for user "postgres"
2020-12-11 21:01:27 ERROR SqlExceptionHelper:142 - FATAL: password authentication failed for user "postgres"
2020-12-11 21:01:27 ERROR EmployeeDaoImpl:29 - Unable to create requested service [org.hibernate.engine.jdbc.env.spi.JdbcEnvironment]
2020-12-11 21:02:14 ERROR SqlExceptionHelper:142 - FATAL: password authentication failed for user "postgres"
2020-12-11 21:02:14 ERROR EmployeeDaoImpl:29 - Error connection to DB!
org.hibernate.service.spi.ServiceException: Unable to create requested service [org.hibernate.engine.jdbc.env.spi.JdbcEnvironment]
	at org.hibernate.service.internal.AbstractServiceRegistryImpl.createService(AbstractServiceRegistryImpl.java:275)
	at org.hibernate.service.internal.AbstractServiceRegistryImpl.initializeService(AbstractServiceRegistryImpl.java:237)
	at org.hibernate.service.internal.AbstractServiceRegistryImpl.getService(AbstractServiceRegistryImpl.java:214)
	at org.hibernate.id.factory.internal.DefaultIdentifierGeneratorFactory.injectServices(DefaultIdentifierGeneratorFactory.java:152)
	at org.hibernate.service.internal.AbstractServiceRegistryImpl.injectDependencies(AbstractServiceRegistryImpl.java:286)
	at org.hibernate.service.internal.AbstractServiceRegistryImpl.initializeService(AbstractServiceRegistryImpl.java:243)
	at org.hibernate.service.internal.AbstractServiceRegistryImpl.getService(AbstractServiceRegistryImpl.java:214)
	at org.hibernate.boot.internal.InFlightMetadataCollectorImpl.<init>(InFlightMetadataCollectorImpl.java:175)
	at org.hibernate.boot.model.process.spi.MetadataBuildingProcess.complete(MetadataBuildingProcess.java:118)
	at org.hibernate.boot.model.process.spi.MetadataBuildingProcess.build(MetadataBuildingProcess.java:83)
	at org.hibernate.boot.internal.MetadataBuilderImpl.build(MetadataBuilderImpl.java:473)
	at org.hibernate.boot.internal.MetadataBuilderImpl.build(MetadataBuilderImpl.java:84)
	at org.hibernate.cfg.Configuration.buildSessionFactory(Configuration.java:689)
	at lesson20.utils.HibernateUtil.getSessionFactory(HibernateUtil.java:25)
	at lesson20.dao.EmployeeDaoImpl.save(EmployeeDaoImpl.java:23)
	at lesson20.services.EmployeeServiceImpl.save(EmployeeServiceImpl.java:20)
	at lesson20.Main.main(Main.java:18)
Caused by: org.hibernate.exception.GenericJDBCException: Error calling Driver#connect
	at org.hibernate.exception.internal.StandardSQLExceptionConverter.convert(StandardSQLExceptionConverter.java:47)
	at org.hibernate.engine.jdbc.spi.SqlExceptionHelper.convert(SqlExceptionHelper.java:113)
	at org.hibernate.engine.jdbc.connections.internal.BasicConnectionCreator.convertSqlException(BasicConnectionCreator.java:118)
	at org.hibernate.engine.jdbc.connections.internal.DriverConnectionCreator.makeConnection(DriverConnectionCreator.java:41)
	at org.hibernate.engine.jdbc.connections.internal.BasicConnectionCreator.createConnection(BasicConnectionCreator.java:58)
	at org.hibernate.engine.jdbc.connections.internal.DriverManagerConnectionProviderImpl$PooledConnections.addConnections(DriverManagerConnectionProviderImpl.java:331)
	at org.hibernate.engine.jdbc.connections.internal.DriverManagerConnectionProviderImpl$PooledConnections.<init>(DriverManagerConnectionProviderImpl.java:250)
	at org.hibernate.engine.jdbc.connections.internal.DriverManagerConnectionProviderImpl$PooledConnections.<init>(DriverManagerConnectionProviderImpl.java:228)
	at org.hibernate.engine.jdbc.connections.internal.DriverManagerConnectionProviderImpl$PooledConnections$Builder.build(DriverManagerConnectionProviderImpl.java:369)
	at org.hibernate.engine.jdbc.connections.internal.DriverManagerConnectionProviderImpl.buildPool(DriverManagerConnectionProviderImpl.java:98)
	at org.hibernate.engine.jdbc.connections.internal.DriverManagerConnectionProviderImpl.configure(DriverManagerConnectionProviderImpl.java:73)
	at org.hibernate.boot.registry.internal.StandardServiceRegistryImpl.configureService(StandardServiceRegistryImpl.java:107)
	at org.hibernate.service.internal.AbstractServiceRegistryImpl.initializeService(AbstractServiceRegistryImpl.java:246)
	at org.hibernate.service.internal.AbstractServiceRegistryImpl.getService(AbstractServiceRegistryImpl.java:214)
	at org.hibernate.engine.jdbc.env.internal.JdbcEnvironmentInitiator.buildJdbcConnectionAccess(JdbcEnvironmentInitiator.java:145)
	at org.hibernate.engine.jdbc.env.internal.JdbcEnvironmentInitiator.initiateService(JdbcEnvironmentInitiator.java:66)
	at org.hibernate.engine.jdbc.env.internal.JdbcEnvironmentInitiator.initiateService(JdbcEnvironmentInitiator.java:35)
	at org.hibernate.boot.registry.internal.StandardServiceRegistryImpl.initiateService(StandardServiceRegistryImpl.java:101)
	at org.hibernate.service.internal.AbstractServiceRegistryImpl.createService(AbstractServiceRegistryImpl.java:263)
	... 16 more
Caused by: org.postgresql.util.PSQLException: FATAL: password authentication failed for user "postgres"
	at org.postgresql.core.v3.ConnectionFactoryImpl.doAuthentication(ConnectionFactoryImpl.java:613)
	at org.postgresql.core.v3.ConnectionFactoryImpl.tryConnect(ConnectionFactoryImpl.java:161)
	at org.postgresql.core.v3.ConnectionFactoryImpl.openConnectionImpl(ConnectionFactoryImpl.java:213)
	at org.postgresql.core.ConnectionFactory.openConnection(ConnectionFactory.java:51)
	at org.postgresql.jdbc.PgConnection.<init>(PgConnection.java:225)
	at org.postgresql.Driver.makeConnection(Driver.java:465)
	at org.postgresql.Driver.connect(Driver.java:264)
	at org.hibernate.engine.jdbc.connections.internal.DriverConnectionCreator.makeConnection(DriverConnectionCreator.java:38)
	... 31 more
2020-12-11 21:07:52 DEBUG EmployeeServiceImpl:18 - Employee{id=0, parameters=lesson20.entities.HumanParameters@396e2f39, projects=null, boss=null}
2020-12-11 21:07:52 DEBUG EmployeeDaoImpl:20 - Employee{id=0, parameters=lesson20.entities.HumanParameters@396e2f39, projects=null, boss=null}
2020-12-11 21:07:52 DEBUG logging:28 - Logging Provider: org.jboss.logging.Log4jLoggerProvider
2020-12-11 21:07:52 DEBUG IntegratorServiceImpl:46 - Adding Integrator [org.hibernate.cfg.beanvalidation.BeanValidationIntegrator].
2020-12-11 21:07:52 DEBUG IntegratorServiceImpl:46 - Adding Integrator [org.hibernate.secure.spi.JaccIntegrator].
2020-12-11 21:07:52 DEBUG IntegratorServiceImpl:46 - Adding Integrator [org.hibernate.cache.internal.CollectionCacheInvalidator].
2020-12-11 21:07:52 INFO  Version:46 - HHH000412: Hibernate Core {5.4.10.Final}
2020-12-11 21:07:52 DEBUG Environment:199 - HHH000206: hibernate.properties not found
2020-12-11 21:07:53 DEBUG LocalXmlResourceResolver:57 - Interpreting public/system identifier : [-//Hibernate/Hibernate Configuration DTD//EN] - [http://www.hibernate.org/dtd/hibernate-configuration-3.0.dtd]
2020-12-11 21:07:53 DEBUG LocalXmlResourceResolver:85 - Recognized hibernate-configuration identifier; attempting to resolve on classpath under org/hibernate/
2020-12-11 21:07:53 DEBUG JaxbCfgProcessor:116 - cfg.xml document did not define namespaces; wrapping in custom event reader to introduce namespace information
2020-12-11 21:07:53 DEBUG IntegratorServiceImpl:46 - Adding Integrator [org.hibernate.cfg.beanvalidation.BeanValidationIntegrator].
2020-12-11 21:07:53 DEBUG IntegratorServiceImpl:46 - Adding Integrator [org.hibernate.secure.spi.JaccIntegrator].
2020-12-11 21:07:53 DEBUG IntegratorServiceImpl:46 - Adding Integrator [org.hibernate.cache.internal.CollectionCacheInvalidator].
2020-12-11 21:07:53 DEBUG ServiceBinding:68 - Overriding existing service binding [org.hibernate.secure.spi.JaccService]
2020-12-11 21:07:53 DEBUG Configuration:652 - Building session factory using provided StandardServiceRegistry
2020-12-11 21:07:53 DEBUG RegionFactoryInitiator:118 - Cannot default RegionFactory based on registered strategies as `[]` RegionFactory strategies were registered
2020-12-11 21:07:53 DEBUG RegionFactoryInitiator:49 - Cache region factory : org.hibernate.cache.internal.NoCachingRegionFactory
2020-12-11 21:07:53 INFO  Version:49 - HCANN000001: Hibernate Commons Annotations {5.1.0.Final}
2020-12-11 21:07:53 DEBUG BasicTypeRegistry:156 - Adding type registration boolean -> org.hibernate.type.BooleanType@5b04476e
2020-12-11 21:07:53 DEBUG BasicTypeRegistry:156 - Adding type registration boolean -> org.hibernate.type.BooleanType@5b04476e
2020-12-11 21:07:53 DEBUG BasicTypeRegistry:156 - Adding type registration java.lang.Boolean -> org.hibernate.type.BooleanType@5b04476e
2020-12-11 21:07:53 DEBUG BasicTypeRegistry:156 - Adding type registration numeric_boolean -> org.hibernate.type.NumericBooleanType@75e01201
2020-12-11 21:07:53 DEBUG BasicTypeRegistry:156 - Adding type registration true_false -> org.hibernate.type.TrueFalseType@3f363cf5
2020-12-11 21:07:53 DEBUG BasicTypeRegistry:156 - Adding type registration yes_no -> org.hibernate.type.YesNoType@15eebbff
2020-12-11 21:07:53 DEBUG BasicTypeRegistry:156 - Adding type registration byte -> org.hibernate.type.ByteType@3e34ace1
2020-12-11 21:07:53 DEBUG BasicTypeRegistry:156 - Adding type registration byte -> org.hibernate.type.ByteType@3e34ace1
2020-12-11 21:07:53 DEBUG BasicTypeRegistry:156 - Adding type registration java.lang.Byte -> org.hibernate.type.ByteType@3e34ace1
2020-12-11 21:07:53 DEBUG BasicTypeRegistry:156 - Adding type registration character -> org.hibernate.type.CharacterType@5d018107
2020-12-11 21:07:53 DEBUG BasicTypeRegistry:156 - Adding type registration char -> org.hibernate.type.CharacterType@5d018107
2020-12-11 21:07:53 DEBUG BasicTypeRegistry:156 - Adding type registration java.lang.Character -> org.hibernate.type.CharacterType@5d018107
2020-12-11 21:07:53 DEBUG BasicTypeRegistry:156 - Adding type registration short -> org.hibernate.type.ShortType@5ed731d0
2020-12-11 21:07:53 DEBUG BasicTypeRegistry:156 - Adding type registration short -> org.hibernate.type.ShortType@5ed731d0
2020-12-11 21:07:53 DEBUG BasicTypeRegistry:156 - Adding type registration java.lang.Short -> org.hibernate.type.ShortType@5ed731d0
2020-12-11 21:07:53 DEBUG BasicTypeRegistry:156 - Adding type registration integer -> org.hibernate.type.IntegerType@7e38a7fe
2020-12-11 21:07:53 DEBUG BasicTypeRegistry:156 - Adding type registration int -> org.hibernate.type.IntegerType@7e38a7fe
2020-12-11 21:07:53 DEBUG BasicTypeRegistry:156 - Adding type registration java.lang.Integer -> org.hibernate.type.IntegerType@7e38a7fe
2020-12-11 21:07:53 DEBUG BasicTypeRegistry:156 - Adding type registration long -> org.hibernate.type.LongType@73ff4fae
2020-12-11 21:07:53 DEBUG BasicTypeRegistry:156 - Adding type registration long -> org.hibernate.type.LongType@73ff4fae
2020-12-11 21:07:53 DEBUG BasicTypeRegistry:156 - Adding type registration java.lang.Long -> org.hibernate.type.LongType@73ff4fae
2020-12-11 21:07:53 DEBUG BasicTypeRegistry:156 - Adding type registration float -> org.hibernate.type.FloatType@1433046b
2020-12-11 21:07:53 DEBUG BasicTypeRegistry:156 - Adding type registration float -> org.hibernate.type.FloatType@1433046b
2020-12-11 21:07:53 DEBUG BasicTypeRegistry:156 - Adding type registration java.lang.Float -> org.hibernate.type.FloatType@1433046b
2020-12-11 21:07:53 DEBUG BasicTypeRegistry:156 - Adding type registration double -> org.hibernate.type.DoubleType@61bcd567
2020-12-11 21:07:53 DEBUG BasicTypeRegistry:156 - Adding type registration double -> org.hibernate.type.DoubleType@61bcd567
2020-12-11 21:07:53 DEBUG BasicTypeRegistry:156 - Adding type registration java.lang.Double -> org.hibernate.type.DoubleType@61bcd567
2020-12-11 21:07:53 DEBUG BasicTypeRegistry:156 - Adding type registration big_decimal -> org.hibernate.type.BigDecimalType@51e8e6e6
2020-12-11 21:07:53 DEBUG BasicTypeRegistry:156 - Adding type registration java.math.BigDecimal -> org.hibernate.type.BigDecimalType@51e8e6e6
2020-12-11 21:07:53 DEBUG BasicTypeRegistry:156 - Adding type registration big_integer -> org.hibernate.type.BigIntegerType@7fc44dec
2020-12-11 21:07:53 DEBUG BasicTypeRegistry:156 - Adding type registration java.math.BigInteger -> org.hibernate.type.BigIntegerType@7fc44dec
2020-12-11 21:07:53 DEBUG BasicTypeRegistry:156 - Adding type registration string -> org.hibernate.type.StringType@74cadd41
2020-12-11 21:07:53 DEBUG BasicTypeRegistry:156 - Adding type registration java.lang.String -> org.hibernate.type.StringType@74cadd41
2020-12-11 21:07:53 DEBUG BasicTypeRegistry:156 - Adding type registration nstring -> org.hibernate.type.StringNVarcharType@6d24ffa1
2020-12-11 21:07:53 DEBUG BasicTypeRegistry:156 - Adding type registration ncharacter -> org.hibernate.type.CharacterNCharType@426b6a74
2020-12-11 21:07:53 DEBUG BasicTypeRegistry:156 - Adding type registration url -> org.hibernate.type.UrlType@665e9289
2020-12-11 21:07:53 DEBUG BasicTypeRegistry:156 - Adding type registration java.net.URL -> org.hibernate.type.UrlType@665e9289
2020-12-11 21:07:53 DEBUG BasicTypeRegistry:156 - Adding type registration Duration -> org.hibernate.type.DurationType@165b2f7f
2020-12-11 21:07:53 DEBUG BasicTypeRegistry:156 - Adding type registration java.time.Duration -> org.hibernate.type.DurationType@165b2f7f
2020-12-11 21:07:53 DEBUG BasicTypeRegistry:156 - Adding type registration Instant -> org.hibernate.type.InstantType@67389cb8
2020-12-11 21:07:53 DEBUG BasicTypeRegistry:156 - Adding type registration java.time.Instant -> org.hibernate.type.InstantType@67389cb8
2020-12-11 21:07:53 DEBUG BasicTypeRegistry:156 - Adding type registration LocalDateTime -> org.hibernate.type.LocalDateTimeType@346939bf
2020-12-11 21:07:53 DEBUG BasicTypeRegistry:156 - Adding type registration java.time.LocalDateTime -> org.hibernate.type.LocalDateTimeType@346939bf
2020-12-11 21:07:53 DEBUG BasicTypeRegistry:156 - Adding type registration LocalDate -> org.hibernate.type.LocalDateType@6e4de19b
2020-12-11 21:07:53 DEBUG BasicTypeRegistry:156 - Adding type registration java.time.LocalDate -> org.hibernate.type.LocalDateType@6e4de19b
2020-12-11 21:07:53 DEBUG BasicTypeRegistry:156 - Adding type registration LocalTime -> org.hibernate.type.LocalTimeType@10650953
2020-12-11 21:07:53 DEBUG BasicTypeRegistry:156 - Adding type registration java.time.LocalTime -> org.hibernate.type.LocalTimeType@10650953
2020-12-11 21:07:53 DEBUG BasicTypeRegistry:156 - Adding type registration OffsetDateTime -> org.hibernate.type.OffsetDateTimeType@7db82169
2020-12-11 21:07:53 DEBUG BasicTypeRegistry:156 - Adding type registration java.time.OffsetDateTime -> org.hibernate.type.OffsetDateTimeType@7db82169
2020-12-11 21:07:53 DEBUG BasicTypeRegistry:156 - Adding type registration OffsetTime -> org.hibernate.type.OffsetTimeType@21d8bcbe
2020-12-11 21:07:53 DEBUG BasicTypeRegistry:156 - Adding type registration java.time.OffsetTime -> org.hibernate.type.OffsetTimeType@21d8bcbe
2020-12-11 21:07:53 DEBUG BasicTypeRegistry:156 - Adding type registration ZonedDateTime -> org.hibernate.type.ZonedDateTimeType@6d0b5baf
2020-12-11 21:07:53 DEBUG BasicTypeRegistry:156 - Adding type registration java.time.ZonedDateTime -> org.hibernate.type.ZonedDateTimeType@6d0b5baf
2020-12-11 21:07:53 DEBUG BasicTypeRegistry:156 - Adding type registration date -> org.hibernate.type.DateType@132ddbab
2020-12-11 21:07:53 DEBUG BasicTypeRegistry:156 - Adding type registration java.sql.Date -> org.hibernate.type.DateType@132ddbab
2020-12-11 21:07:53 DEBUG BasicTypeRegistry:156 - Adding type registration time -> org.hibernate.type.TimeType@3efe7086
2020-12-11 21:07:53 DEBUG BasicTypeRegistry:156 - Adding type registration java.sql.Time -> org.hibernate.type.TimeType@3efe7086
2020-12-11 21:07:53 DEBUG BasicTypeRegistry:156 - Adding type registration timestamp -> org.hibernate.type.TimestampType@3185fa6b
2020-12-11 21:07:53 DEBUG BasicTypeRegistry:156 - Adding type registration java.sql.Timestamp -> org.hibernate.type.TimestampType@3185fa6b
2020-12-11 21:07:53 DEBUG BasicTypeRegistry:156 - Adding type registration java.util.Date -> org.hibernate.type.TimestampType@3185fa6b
2020-12-11 21:07:53 DEBUG BasicTypeRegistry:156 - Adding type registration dbtimestamp -> org.hibernate.type.DbTimestampType@3a320ade
2020-12-11 21:07:53 DEBUG BasicTypeRegistry:156 - Adding type registration calendar -> org.hibernate.type.CalendarType@ab7a938
2020-12-11 21:07:53 DEBUG BasicTypeRegistry:156 - Adding type registration java.util.Calendar -> org.hibernate.type.CalendarType@ab7a938
2020-12-11 21:07:53 DEBUG BasicTypeRegistry:156 - Adding type registration java.util.GregorianCalendar -> org.hibernate.type.CalendarType@ab7a938
2020-12-11 21:07:53 DEBUG BasicTypeRegistry:156 - Adding type registration calendar_date -> org.hibernate.type.CalendarDateType@274872f8
2020-12-11 21:07:53 DEBUG BasicTypeRegistry:156 - Adding type registration locale -> org.hibernate.type.LocaleType@2a39fe6a
2020-12-11 21:07:53 DEBUG BasicTypeRegistry:156 - Adding type registration java.util.Locale -> org.hibernate.type.LocaleType@2a39fe6a
2020-12-11 21:07:53 DEBUG BasicTypeRegistry:156 - Adding type registration currency -> org.hibernate.type.CurrencyType@592e843a
2020-12-11 21:07:53 DEBUG BasicTypeRegistry:156 - Adding type registration java.util.Currency -> org.hibernate.type.CurrencyType@592e843a
2020-12-11 21:07:53 DEBUG BasicTypeRegistry:156 - Adding type registration timezone -> org.hibernate.type.TimeZoneType@4ebea12c
2020-12-11 21:07:53 DEBUG BasicTypeRegistry:156 - Adding type registration java.util.TimeZone -> org.hibernate.type.TimeZoneType@4ebea12c
2020-12-11 21:07:53 DEBUG BasicTypeRegistry:156 - Adding type registration class -> org.hibernate.type.ClassType@c7a975a
2020-12-11 21:07:53 DEBUG BasicTypeRegistry:156 - Adding type registration java.lang.Class -> org.hibernate.type.ClassType@c7a975a
2020-12-11 21:07:53 DEBUG BasicTypeRegistry:156 - Adding type registration uuid-binary -> org.hibernate.type.UUIDBinaryType@fd0e5b6
2020-12-11 21:07:53 DEBUG BasicTypeRegistry:156 - Adding type registration java.util.UUID -> org.hibernate.type.UUIDBinaryType@fd0e5b6
2020-12-11 21:07:53 DEBUG BasicTypeRegistry:156 - Adding type registration uuid-char -> org.hibernate.type.UUIDCharType@475835b1
2020-12-11 21:07:53 DEBUG BasicTypeRegistry:156 - Adding type registration binary -> org.hibernate.type.BinaryType@625e134e
2020-12-11 21:07:53 DEBUG BasicTypeRegistry:156 - Adding type registration byte[] -> org.hibernate.type.BinaryType@625e134e
2020-12-11 21:07:53 DEBUG BasicTypeRegistry:156 - Adding type registration [B -> org.hibernate.type.BinaryType@625e134e
2020-12-11 21:07:53 DEBUG BasicTypeRegistry:156 - Adding type registration wrapper-binary -> org.hibernate.type.WrapperBinaryType@119f1f2a
2020-12-11 21:07:53 DEBUG BasicTypeRegistry:156 - Adding type registration Byte[] -> org.hibernate.type.WrapperBinaryType@119f1f2a
2020-12-11 21:07:53 DEBUG BasicTypeRegistry:156 - Adding type registration [Ljava.lang.Byte; -> org.hibernate.type.WrapperBinaryType@119f1f2a
2020-12-11 21:07:53 DEBUG BasicTypeRegistry:156 - Adding type registration row_version -> org.hibernate.type.RowVersionType@756cf158
2020-12-11 21:07:53 DEBUG BasicTypeRegistry:156 - Adding type registration image -> org.hibernate.type.ImageType@64337702
2020-12-11 21:07:53 DEBUG BasicTypeRegistry:156 - Adding type registration characters -> org.hibernate.type.CharArrayType@6273c5a4
2020-12-11 21:07:53 DEBUG BasicTypeRegistry:156 - Adding type registration char[] -> org.hibernate.type.CharArrayType@6273c5a4
2020-12-11 21:07:53 DEBUG BasicTypeRegistry:156 - Adding type registration [C -> org.hibernate.type.CharArrayType@6273c5a4
2020-12-11 21:07:53 DEBUG BasicTypeRegistry:156 - Adding type registration wrapper-characters -> org.hibernate.type.CharacterArrayType@18a3962d
2020-12-11 21:07:53 DEBUG BasicTypeRegistry:156 - Adding type registration [Ljava.lang.Character; -> org.hibernate.type.CharacterArrayType@18a3962d
2020-12-11 21:07:53 DEBUG BasicTypeRegistry:156 - Adding type registration Character[] -> org.hibernate.type.CharacterArrayType@18a3962d
2020-12-11 21:07:53 DEBUG BasicTypeRegistry:156 - Adding type registration text -> org.hibernate.type.TextType@4f936da8
2020-12-11 21:07:53 DEBUG BasicTypeRegistry:156 - Adding type registration ntext -> org.hibernate.type.NTextType@76a36b71
2020-12-11 21:07:53 DEBUG BasicTypeRegistry:156 - Adding type registration blob -> org.hibernate.type.BlobType@5ac86ba5
2020-12-11 21:07:53 DEBUG BasicTypeRegistry:156 - Adding type registration java.sql.Blob -> org.hibernate.type.BlobType@5ac86ba5
2020-12-11 21:07:53 DEBUG BasicTypeRegistry:156 - Adding type registration materialized_blob -> org.hibernate.type.MaterializedBlobType@9635fa
2020-12-11 21:07:53 DEBUG BasicTypeRegistry:156 - Adding type registration clob -> org.hibernate.type.ClobType@51df223b
2020-12-11 21:07:53 DEBUG BasicTypeRegistry:156 - Adding type registration java.sql.Clob -> org.hibernate.type.ClobType@51df223b
2020-12-11 21:07:53 DEBUG BasicTypeRegistry:156 - Adding type registration nclob -> org.hibernate.type.NClobType@1849db1a
2020-12-11 21:07:53 DEBUG BasicTypeRegistry:156 - Adding type registration java.sql.NClob -> org.hibernate.type.NClobType@1849db1a
2020-12-11 21:07:53 DEBUG BasicTypeRegistry:156 - Adding type registration materialized_clob -> org.hibernate.type.MaterializedClobType@533b266e
2020-12-11 21:07:53 DEBUG BasicTypeRegistry:156 - Adding type registration materialized_nclob -> org.hibernate.type.MaterializedNClobType@62679465
2020-12-11 21:07:53 DEBUG BasicTypeRegistry:156 - Adding type registration serializable -> org.hibernate.type.SerializableType@1e044120
2020-12-11 21:07:53 DEBUG BasicTypeRegistry:156 - Adding type registration object -> org.hibernate.type.ObjectType@66629f63
2020-12-11 21:07:53 DEBUG BasicTypeRegistry:156 - Adding type registration java.lang.Object -> org.hibernate.type.ObjectType@66629f63
2020-12-11 21:07:53 DEBUG BasicTypeRegistry:156 - Adding type registration imm_date -> org.hibernate.type.AdaptedImmutableType@6c345c5f
2020-12-11 21:07:53 DEBUG BasicTypeRegistry:156 - Adding type registration imm_time -> org.hibernate.type.AdaptedImmutableType@6b5966e1
2020-12-11 21:07:53 DEBUG BasicTypeRegistry:156 - Adding type registration imm_timestamp -> org.hibernate.type.AdaptedImmutableType@65e61854
2020-12-11 21:07:53 DEBUG BasicTypeRegistry:156 - Adding type registration imm_dbtimestamp -> org.hibernate.type.AdaptedImmutableType@1568159
2020-12-11 21:07:53 DEBUG BasicTypeRegistry:156 - Adding type registration imm_calendar -> org.hibernate.type.AdaptedImmutableType@4fcee388
2020-12-11 21:07:53 DEBUG BasicTypeRegistry:156 - Adding type registration imm_calendar_date -> org.hibernate.type.AdaptedImmutableType@6f80fafe
2020-12-11 21:07:53 DEBUG BasicTypeRegistry:156 - Adding type registration imm_binary -> org.hibernate.type.AdaptedImmutableType@3af17be2
2020-12-11 21:07:53 DEBUG BasicTypeRegistry:156 - Adding type registration imm_serializable -> org.hibernate.type.AdaptedImmutableType@f9879ac
2020-12-11 21:07:53 DEBUG DefaultIdentifierGeneratorFactory:81 - Registering IdentifierGenerator strategy [uuid2] -> [org.hibernate.id.UUIDGenerator]
2020-12-11 21:07:53 DEBUG DefaultIdentifierGeneratorFactory:81 - Registering IdentifierGenerator strategy [guid] -> [org.hibernate.id.GUIDGenerator]
2020-12-11 21:07:53 DEBUG DefaultIdentifierGeneratorFactory:81 - Registering IdentifierGenerator strategy [uuid] -> [org.hibernate.id.UUIDHexGenerator]
2020-12-11 21:07:53 DEBUG DefaultIdentifierGeneratorFactory:81 - Registering IdentifierGenerator strategy [uuid.hex] -> [org.hibernate.id.UUIDHexGenerator]
2020-12-11 21:07:53 DEBUG DefaultIdentifierGeneratorFactory:81 - Registering IdentifierGenerator strategy [assigned] -> [org.hibernate.id.Assigned]
2020-12-11 21:07:53 DEBUG DefaultIdentifierGeneratorFactory:81 - Registering IdentifierGenerator strategy [identity] -> [org.hibernate.id.IdentityGenerator]
2020-12-11 21:07:53 DEBUG DefaultIdentifierGeneratorFactory:81 - Registering IdentifierGenerator strategy [select] -> [org.hibernate.id.SelectGenerator]
2020-12-11 21:07:53 DEBUG DefaultIdentifierGeneratorFactory:81 - Registering IdentifierGenerator strategy [sequence] -> [org.hibernate.id.enhanced.SequenceStyleGenerator]
2020-12-11 21:07:53 DEBUG DefaultIdentifierGeneratorFactory:81 - Registering IdentifierGenerator strategy [seqhilo] -> [org.hibernate.id.SequenceHiLoGenerator]
2020-12-11 21:07:53 DEBUG DefaultIdentifierGeneratorFactory:81 - Registering IdentifierGenerator strategy [increment] -> [org.hibernate.id.IncrementGenerator]
2020-12-11 21:07:53 DEBUG DefaultIdentifierGeneratorFactory:81 - Registering IdentifierGenerator strategy [foreign] -> [org.hibernate.id.ForeignGenerator]
2020-12-11 21:07:53 DEBUG DefaultIdentifierGeneratorFactory:81 - Registering IdentifierGenerator strategy [sequence-identity] -> [org.hibernate.id.SequenceIdentityGenerator]
2020-12-11 21:07:53 DEBUG DefaultIdentifierGeneratorFactory:81 - Registering IdentifierGenerator strategy [enhanced-sequence] -> [org.hibernate.id.enhanced.SequenceStyleGenerator]
2020-12-11 21:07:53 DEBUG DefaultIdentifierGeneratorFactory:81 - Registering IdentifierGenerator strategy [enhanced-table] -> [org.hibernate.id.enhanced.TableGenerator]
2020-12-11 21:07:53 WARN  pooling:72 - HHH10001002: Using Hibernate built-in connection pool (not for production use!)
2020-12-11 21:07:53 INFO  pooling:115 - HHH10001005: using driver [org.postgresql.Driver] at URL [jdbc:postgresql://localhost:5432/postgres]
2020-12-11 21:07:53 INFO  pooling:121 - HHH10001001: Connection properties: {password=00001, user=postgres}
2020-12-11 21:07:53 INFO  pooling:129 - HHH10001003: Autocommit mode: false
2020-12-11 21:07:53 DEBUG DriverManagerConnectionProviderImpl:384 - Initializing Connection pool with 1 Connections
2020-12-11 21:07:53 INFO  DriverManagerConnectionProviderImpl:249 - HHH000115: Hibernate connection pool size: 1 (min=1)
2020-12-11 21:07:53 WARN  JdbcEnvironmentInitiator:132 - HHH000342: Could not obtain connection to query metadata : null
2020-12-11 21:07:53 INFO  Dialect:172 - HHH000400: Using dialect: org.hibernate.dialect.PostgreSQL9Dialect
2020-12-11 21:07:53 DEBUG IdentifierHelperBuilder:187 - IdentifierCaseStrategy for both quoted and unquoted identifiers was set to the same strategy [MIXED]; that will likely lead to problems in schema update and validation if using quoted identifiers
2020-12-11 21:07:53 DEBUG LobCreatorBuilderImpl:65 - HHH000422: Disabling contextual LOB creation as connection was null
2020-12-11 21:07:53 DEBUG SqlExceptionHelper:126 - Error calling Driver#connect [null]
org.postgresql.util.PSQLException: FATAL: password authentication failed for user "postgres"
	at org.postgresql.core.v3.ConnectionFactoryImpl.doAuthentication(ConnectionFactoryImpl.java:613)
	at org.postgresql.core.v3.ConnectionFactoryImpl.tryConnect(ConnectionFactoryImpl.java:161)
	at org.postgresql.core.v3.ConnectionFactoryImpl.openConnectionImpl(ConnectionFactoryImpl.java:213)
	at org.postgresql.core.ConnectionFactory.openConnection(ConnectionFactory.java:51)
	at org.postgresql.jdbc.PgConnection.<init>(PgConnection.java:225)
	at org.postgresql.Driver.makeConnection(Driver.java:465)
	at org.postgresql.Driver.connect(Driver.java:264)
	at org.hibernate.engine.jdbc.connections.internal.DriverConnectionCreator.makeConnection(DriverConnectionCreator.java:38)
	at org.hibernate.engine.jdbc.connections.internal.BasicConnectionCreator.createConnection(BasicConnectionCreator.java:58)
	at org.hibernate.engine.jdbc.connections.internal.DriverManagerConnectionProviderImpl$PooledConnections.addConnections(DriverManagerConnectionProviderImpl.java:331)
	at org.hibernate.engine.jdbc.connections.internal.DriverManagerConnectionProviderImpl$PooledConnections.<init>(DriverManagerConnectionProviderImpl.java:250)
	at org.hibernate.engine.jdbc.connections.internal.DriverManagerConnectionProviderImpl$PooledConnections.<init>(DriverManagerConnectionProviderImpl.java:228)
	at org.hibernate.engine.jdbc.connections.internal.DriverManagerConnectionProviderImpl$PooledConnections$Builder.build(DriverManagerConnectionProviderImpl.java:369)
	at org.hibernate.engine.jdbc.connections.internal.DriverManagerConnectionProviderImpl.buildPool(DriverManagerConnectionProviderImpl.java:98)
	at org.hibernate.engine.jdbc.connections.internal.DriverManagerConnectionProviderImpl.configure(DriverManagerConnectionProviderImpl.java:73)
	at org.hibernate.boot.registry.internal.StandardServiceRegistryImpl.configureService(StandardServiceRegistryImpl.java:107)
	at org.hibernate.service.internal.AbstractServiceRegistryImpl.initializeService(AbstractServiceRegistryImpl.java:246)
	at org.hibernate.service.internal.AbstractServiceRegistryImpl.getService(AbstractServiceRegistryImpl.java:214)
	at org.hibernate.engine.jdbc.env.internal.JdbcEnvironmentInitiator.buildJdbcConnectionAccess(JdbcEnvironmentInitiator.java:145)
	at org.hibernate.engine.jdbc.env.internal.JdbcEnvironmentInitiator.initiateService(JdbcEnvironmentInitiator.java:66)
	at org.hibernate.engine.jdbc.env.internal.JdbcEnvironmentInitiator.initiateService(JdbcEnvironmentInitiator.java:35)
	at org.hibernate.boot.registry.internal.StandardServiceRegistryImpl.initiateService(StandardServiceRegistryImpl.java:101)
	at org.hibernate.service.internal.AbstractServiceRegistryImpl.createService(AbstractServiceRegistryImpl.java:263)
	at org.hibernate.service.internal.AbstractServiceRegistryImpl.initializeService(AbstractServiceRegistryImpl.java:237)
	at org.hibernate.service.internal.AbstractServiceRegistryImpl.getService(AbstractServiceRegistryImpl.java:214)
	at org.hibernate.id.factory.internal.DefaultIdentifierGeneratorFactory.injectServices(DefaultIdentifierGeneratorFactory.java:152)
	at org.hibernate.service.internal.AbstractServiceRegistryImpl.injectDependencies(AbstractServiceRegistryImpl.java:286)
	at org.hibernate.service.internal.AbstractServiceRegistryImpl.initializeService(AbstractServiceRegistryImpl.java:243)
	at org.hibernate.service.internal.AbstractServiceRegistryImpl.getService(AbstractServiceRegistryImpl.java:214)
	at org.hibernate.boot.internal.InFlightMetadataCollectorImpl.<init>(InFlightMetadataCollectorImpl.java:175)
	at org.hibernate.boot.model.process.spi.MetadataBuildingProcess.complete(MetadataBuildingProcess.java:118)
	at org.hibernate.boot.model.process.spi.MetadataBuildingProcess.build(MetadataBuildingProcess.java:83)
	at org.hibernate.boot.internal.MetadataBuilderImpl.build(MetadataBuilderImpl.java:473)
	at org.hibernate.boot.internal.MetadataBuilderImpl.build(MetadataBuilderImpl.java:84)
	at org.hibernate.cfg.Configuration.buildSessionFactory(Configuration.java:689)
	at lesson20.utils.HibernateUtil.getSessionFactory(HibernateUtil.java:25)
	at lesson20.dao.EmployeeDaoImpl.save(EmployeeDaoImpl.java:23)
	at lesson20.services.EmployeeServiceImpl.save(EmployeeServiceImpl.java:20)
	at lesson20.Main.main(Main.java:18)
2020-12-11 21:07:53 WARN  SqlExceptionHelper:137 - SQL Error: 0, SQLState: 28P01
2020-12-11 21:07:53 ERROR SqlExceptionHelper:142 - FATAL: password authentication failed for user "postgres"
2020-12-11 21:07:53 ERROR EmployeeDaoImpl:29 - Error connection to DB!
org.hibernate.service.spi.ServiceException: Unable to create requested service [org.hibernate.engine.jdbc.env.spi.JdbcEnvironment]
	at org.hibernate.service.internal.AbstractServiceRegistryImpl.createService(AbstractServiceRegistryImpl.java:275)
	at org.hibernate.service.internal.AbstractServiceRegistryImpl.initializeService(AbstractServiceRegistryImpl.java:237)
	at org.hibernate.service.internal.AbstractServiceRegistryImpl.getService(AbstractServiceRegistryImpl.java:214)
	at org.hibernate.id.factory.internal.DefaultIdentifierGeneratorFactory.injectServices(DefaultIdentifierGeneratorFactory.java:152)
	at org.hibernate.service.internal.AbstractServiceRegistryImpl.injectDependencies(AbstractServiceRegistryImpl.java:286)
	at org.hibernate.service.internal.AbstractServiceRegistryImpl.initializeService(AbstractServiceRegistryImpl.java:243)
	at org.hibernate.service.internal.AbstractServiceRegistryImpl.getService(AbstractServiceRegistryImpl.java:214)
	at org.hibernate.boot.internal.InFlightMetadataCollectorImpl.<init>(InFlightMetadataCollectorImpl.java:175)
	at org.hibernate.boot.model.process.spi.MetadataBuildingProcess.complete(MetadataBuildingProcess.java:118)
	at org.hibernate.boot.model.process.spi.MetadataBuildingProcess.build(MetadataBuildingProcess.java:83)
	at org.hibernate.boot.internal.MetadataBuilderImpl.build(MetadataBuilderImpl.java:473)
	at org.hibernate.boot.internal.MetadataBuilderImpl.build(MetadataBuilderImpl.java:84)
	at org.hibernate.cfg.Configuration.buildSessionFactory(Configuration.java:689)
	at lesson20.utils.HibernateUtil.getSessionFactory(HibernateUtil.java:25)
	at lesson20.dao.EmployeeDaoImpl.save(EmployeeDaoImpl.java:23)
	at lesson20.services.EmployeeServiceImpl.save(EmployeeServiceImpl.java:20)
	at lesson20.Main.main(Main.java:18)
Caused by: org.hibernate.exception.GenericJDBCException: Error calling Driver#connect
	at org.hibernate.exception.internal.StandardSQLExceptionConverter.convert(StandardSQLExceptionConverter.java:47)
	at org.hibernate.engine.jdbc.spi.SqlExceptionHelper.convert(SqlExceptionHelper.java:113)
	at org.hibernate.engine.jdbc.connections.internal.BasicConnectionCreator.convertSqlException(BasicConnectionCreator.java:118)
	at org.hibernate.engine.jdbc.connections.internal.DriverConnectionCreator.makeConnection(DriverConnectionCreator.java:41)
	at org.hibernate.engine.jdbc.connections.internal.BasicConnectionCreator.createConnection(BasicConnectionCreator.java:58)
	at org.hibernate.engine.jdbc.connections.internal.DriverManagerConnectionProviderImpl$PooledConnections.addConnections(DriverManagerConnectionProviderImpl.java:331)
	at org.hibernate.engine.jdbc.connections.internal.DriverManagerConnectionProviderImpl$PooledConnections.<init>(DriverManagerConnectionProviderImpl.java:250)
	at org.hibernate.engine.jdbc.connections.internal.DriverManagerConnectionProviderImpl$PooledConnections.<init>(DriverManagerConnectionProviderImpl.java:228)
	at org.hibernate.engine.jdbc.connections.internal.DriverManagerConnectionProviderImpl$PooledConnections$Builder.build(DriverManagerConnectionProviderImpl.java:369)
	at org.hibernate.engine.jdbc.connections.internal.DriverManagerConnectionProviderImpl.buildPool(DriverManagerConnectionProviderImpl.java:98)
	at org.hibernate.engine.jdbc.connections.internal.DriverManagerConnectionProviderImpl.configure(DriverManagerConnectionProviderImpl.java:73)
	at org.hibernate.boot.registry.internal.StandardServiceRegistryImpl.configureService(StandardServiceRegistryImpl.java:107)
	at org.hibernate.service.internal.AbstractServiceRegistryImpl.initializeService(AbstractServiceRegistryImpl.java:246)
	at org.hibernate.service.internal.AbstractServiceRegistryImpl.getService(AbstractServiceRegistryImpl.java:214)
	at org.hibernate.engine.jdbc.env.internal.JdbcEnvironmentInitiator.buildJdbcConnectionAccess(JdbcEnvironmentInitiator.java:145)
	at org.hibernate.engine.jdbc.env.internal.JdbcEnvironmentInitiator.initiateService(JdbcEnvironmentInitiator.java:66)
	at org.hibernate.engine.jdbc.env.internal.JdbcEnvironmentInitiator.initiateService(JdbcEnvironmentInitiator.java:35)
	at org.hibernate.boot.registry.internal.StandardServiceRegistryImpl.initiateService(StandardServiceRegistryImpl.java:101)
	at org.hibernate.service.internal.AbstractServiceRegistryImpl.createService(AbstractServiceRegistryImpl.java:263)
	... 16 more
Caused by: org.postgresql.util.PSQLException: FATAL: password authentication failed for user "postgres"
	at org.postgresql.core.v3.ConnectionFactoryImpl.doAuthentication(ConnectionFactoryImpl.java:613)
	at org.postgresql.core.v3.ConnectionFactoryImpl.tryConnect(ConnectionFactoryImpl.java:161)
	at org.postgresql.core.v3.ConnectionFactoryImpl.openConnectionImpl(ConnectionFactoryImpl.java:213)
	at org.postgresql.core.ConnectionFactory.openConnection(ConnectionFactory.java:51)
	at org.postgresql.jdbc.PgConnection.<init>(PgConnection.java:225)
	at org.postgresql.Driver.makeConnection(Driver.java:465)
	at org.postgresql.Driver.connect(Driver.java:264)
	at org.hibernate.engine.jdbc.connections.internal.DriverConnectionCreator.makeConnection(DriverConnectionCreator.java:38)
	... 31 more
